Partition Merge report for cmos_lcd
Sat Feb 03 15:57:53 2024
Quartus II 64-Bit Version 13.1.0 Build 162 10/23/2013 SJ Full Version


---------------------
; Table of Contents ;
---------------------
  1. Legal Notice
  2. Partition Merge Summary
  3. Partition Merge Netlist Types Used
  4. Partition Merge Partition Statistics
  5. Partition Merge Partition Pin Processing
  6. Partition Merge Resource Usage Summary
  7. Partition Merge RAM Summary
  8. Partition Merge Messages



----------------
; Legal Notice ;
----------------
Copyright (C) 1991-2013 Altera Corporation
Your use of Altera Corporation's design tools, logic functions 
and other software and tools, and its AMPP partner logic 
functions, and any output files from any of the foregoing 
(including device programming or simulation files), and any 
associated documentation or information are expressly subject 
to the terms and conditions of the Altera Program License 
Subscription Agreement, Altera MegaCore Function License 
Agreement, or other applicable license agreement, including, 
without limitation, that your use is for the sole purpose of 
programming logic devices manufactured by Altera and sold by 
Altera or its authorized distributors.  Please refer to the 
applicable agreement for further details.



+----------------------------------------------------------------------------------+
; Partition Merge Summary                                                          ;
+------------------------------------+---------------------------------------------+
; Partition Merge Status             ; Successful - Sat Feb 03 15:57:53 2024       ;
; Quartus II 64-Bit Version          ; 13.1.0 Build 162 10/23/2013 SJ Full Version ;
; Revision Name                      ; cmos_lcd                                    ;
; Top-level Entity Name              ; cmos_lcd                                    ;
; Family                             ; Cyclone IV E                                ;
; Total logic elements               ; 3,258 / 10,320 ( 32 % )                     ;
;     Total combinational functions  ; 2,790 / 10,320 ( 27 % )                     ;
;     Dedicated logic registers      ; 1,339 / 10,320 ( 13 % )                     ;
; Total registers                    ; 1339                                        ;
; Total pins                         ; 90 / 180 ( 50 % )                           ;
; Total virtual pins                 ; 0                                           ;
; Total memory bits                  ; 35,960 / 423,936 ( 8 % )                    ;
; Embedded Multiplier 9-bit elements ; 0 / 46 ( 0 % )                              ;
; Total PLLs                         ; 1 / 2 ( 50 % )                              ;
+------------------------------------+---------------------------------------------+


+-------------------------------------------------------------------------------------------------------------------------------+
; Partition Merge Netlist Types Used                                                                                            ;
+--------------------------------+----------------+-------------------+------------------------+--------------------------------+
; Partition Name                 ; Partition Type ; Netlist Type Used ; Netlist Type Requested ; Partition Contents             ;
+--------------------------------+----------------+-------------------+------------------------+--------------------------------+
; Top                            ; User-created   ; Post-Fit          ; Post-Fit               ;                                ;
; hard_block:auto_generated_inst ; Auto-generated ; Source File       ; Source File            ; hard_block:auto_generated_inst ;
+--------------------------------+----------------+-------------------+------------------------+--------------------------------+


+------------------------------------------------------------------------------------------------------+
; Partition Merge Partition Statistics                                                                 ;
+---------------------------------------------+-----------------------+--------------------------------+
; Statistic                                   ; Top                   ; hard_block:auto_generated_inst ;
+---------------------------------------------+-----------------------+--------------------------------+
; Estimated Total logic elements              ; 3258 / 10320 ( 32 % ) ; 0 / 10320 ( 0 % )              ;
;                                             ;                       ;                                ;
; Total combinational functions               ; 2790                  ; 0                              ;
; Logic element usage by number of LUT inputs ;                       ;                                ;
;     -- 4 input functions                    ; 1106                  ; 0                              ;
;     -- 3 input functions                    ; 1001                  ; 0                              ;
;     -- <=2 input functions                  ; 683                   ; 0                              ;
;                                             ;                       ;                                ;
; Logic elements by mode                      ;                       ;                                ;
;     -- normal mode                          ; 1771                  ; 0                              ;
;     -- arithmetic mode                      ; 1019                  ; 0                              ;
;                                             ;                       ;                                ;
; Total registers                             ; 1339                  ; 0                              ;
;     -- Dedicated logic registers            ; 1339 / 10320 ( 13 % ) ; 0 / 10320 ( 0 % )              ;
;     -- I/O registers                        ; 0                     ; 0                              ;
;                                             ;                       ;                                ;
; Virtual pins                                ; 0                     ; 0                              ;
; I/O pins                                    ; 90                    ; 0                              ;
; Embedded Multiplier 9-bit elements          ; 0 / 46 ( 0 % )        ; 0 / 46 ( 0 % )                 ;
; Total memory bits                           ; 35960                 ; 0                              ;
; Total RAM block bits                        ; 55296                 ; 0                              ;
; PLL                                         ; 0 / 2 ( 0 % )         ; 1 / 2 ( 50 % )                 ;
; M9K                                         ; 6 / 46 ( 13 % )       ; 0 / 46 ( 0 % )                 ;
;                                             ;                       ;                                ;
; Connections                                 ;                       ;                                ;
;     -- Input Connections                    ; 336                   ; 2                              ;
;     -- Registered Input Connections         ; 300                   ; 0                              ;
;     -- Output Connections                   ; 35                    ; 303                            ;
;     -- Registered Output Connections        ; 0                     ; 0                              ;
;                                             ;                       ;                                ;
; Internal Connections                        ;                       ;                                ;
;     -- Total Connections                    ; 14176                 ; 306                            ;
;     -- Registered Connections               ; 5986                  ; 0                              ;
;                                             ;                       ;                                ;
; External Connections                        ;                       ;                                ;
;     -- Top                                  ; 66                    ; 305                            ;
;     -- hard_block:auto_generated_inst       ; 305                   ; 0                              ;
;                                             ;                       ;                                ;
; Partition Interface                         ;                       ;                                ;
;     -- Input Ports                          ; 19                    ; 2                              ;
;     -- Output Ports                         ; 38                    ; 4                              ;
;     -- Bidir Ports                          ; 33                    ; 0                              ;
;                                             ;                       ;                                ;
; Registered Ports                            ;                       ;                                ;
;     -- Registered Input Ports               ; 0                     ; 0                              ;
;     -- Registered Output Ports              ; 0                     ; 0                              ;
;                                             ;                       ;                                ;
; Port Connectivity                           ;                       ;                                ;
;     -- Input Ports driven by GND            ; 0                     ; 0                              ;
;     -- Output Ports driven by GND           ; 0                     ; 0                              ;
;     -- Input Ports driven by VCC            ; 0                     ; 0                              ;
;     -- Output Ports driven by VCC           ; 0                     ; 0                              ;
;     -- Input Ports with no Source           ; 0                     ; 0                              ;
;     -- Output Ports with no Source          ; 0                     ; 0                              ;
;     -- Input Ports with no Fanout           ; 0                     ; 0                              ;
;     -- Output Ports with no Fanout          ; 0                     ; 0                              ;
+---------------------------------------------+-----------------------+--------------------------------+
Note: Resource usage numbers presented for Partitions containing post-synthesis logic are estimates.  For Partitions containing post-fit logic, resource usage numbers are accurate based on previous placement information.  Actual Fitter results may vary depending on current Fitter Preservation Level assignments.


+-----------------------------------------------------------------------------------------------------------------------------+
; Partition Merge Partition Pin Processing                                                                                    ;
+------------------------------+-----------+---------------+--------------------+---------------------------------------------+
; Name                         ; Partition ; Type          ; Location           ; Status                                      ;
+------------------------------+-----------+---------------+--------------------+---------------------------------------------+
; bluetooth_rx                 ; Top       ; Input Port    ; n/a                ;                                             ;
;     -- bluetooth_rx          ; Top       ; Input Pad     ; IOPAD_X0_Y22_N0    ; Preserved from Post-Fit or Imported Netlist ;
;     -- bluetooth_rx~input    ; Top       ; Input Buffer  ; IOIBUF_X0_Y22_N1   ; Preserved from Post-Fit or Imported Netlist ;
;                              ;           ;               ;                    ;                                             ;
; bluetooth_tx                 ; Top       ; Output Port   ; n/a                ;                                             ;
;     -- bluetooth_tx          ; Top       ; Output Pad    ; IOPAD_X0_Y10_N14   ; Preserved from Post-Fit or Imported Netlist ;
;     -- bluetooth_tx~output   ; Top       ; Output Buffer ; IOOBUF_X0_Y10_N16  ; Preserved from Post-Fit or Imported Netlist ;
;                              ;           ;               ;                    ;                                             ;
; cam_data[0]                  ; Top       ; Input Port    ; n/a                ;                                             ;
;     -- cam_data[0]           ; Top       ; Input Pad     ; IOPAD_X18_Y0_N7    ; Preserved from Post-Fit or Imported Netlist ;
;     -- cam_data[0]~input     ; Top       ; Input Buffer  ; IOIBUF_X18_Y0_N8   ; Preserved from Post-Fit or Imported Netlist ;
;                              ;           ;               ;                    ;                                             ;
; cam_data[1]                  ; Top       ; Input Port    ; n/a                ;                                             ;
;     -- cam_data[1]           ; Top       ; Input Pad     ; IOPAD_X16_Y0_N14   ; Preserved from Post-Fit or Imported Netlist ;
;     -- cam_data[1]~input     ; Top       ; Input Buffer  ; IOIBUF_X16_Y0_N15  ; Preserved from Post-Fit or Imported Netlist ;
;                              ;           ;               ;                    ;                                             ;
; cam_data[2]                  ; Top       ; Input Port    ; n/a                ;                                             ;
;     -- cam_data[2]           ; Top       ; Input Pad     ; IOPAD_X16_Y0_N21   ; Preserved from Post-Fit or Imported Netlist ;
;     -- cam_data[2]~input     ; Top       ; Input Buffer  ; IOIBUF_X16_Y0_N22  ; Preserved from Post-Fit or Imported Netlist ;
;                              ;           ;               ;                    ;                                             ;
; cam_data[3]                  ; Top       ; Input Port    ; n/a                ;                                             ;
;     -- cam_data[3]           ; Top       ; Input Pad     ; IOPAD_X13_Y0_N0    ; Preserved from Post-Fit or Imported Netlist ;
;     -- cam_data[3]~input     ; Top       ; Input Buffer  ; IOIBUF_X13_Y0_N1   ; Preserved from Post-Fit or Imported Netlist ;
;                              ;           ;               ;                    ;                                             ;
; cam_data[4]                  ; Top       ; Input Port    ; n/a                ;                                             ;
;     -- cam_data[4]           ; Top       ; Input Pad     ; IOPAD_X7_Y0_N0     ; Preserved from Post-Fit or Imported Netlist ;
;     -- cam_data[4]~input     ; Top       ; Input Buffer  ; IOIBUF_X7_Y0_N1    ; Preserved from Post-Fit or Imported Netlist ;
;                              ;           ;               ;                    ;                                             ;
; cam_data[5]                  ; Top       ; Input Port    ; n/a                ;                                             ;
;     -- cam_data[5]           ; Top       ; Input Pad     ; IOPAD_X7_Y0_N14    ; Preserved from Post-Fit or Imported Netlist ;
;     -- cam_data[5]~input     ; Top       ; Input Buffer  ; IOIBUF_X7_Y0_N15   ; Preserved from Post-Fit or Imported Netlist ;
;                              ;           ;               ;                    ;                                             ;
; cam_data[6]                  ; Top       ; Input Port    ; n/a                ;                                             ;
;     -- cam_data[6]           ; Top       ; Input Pad     ; IOPAD_X30_Y0_N0    ; Preserved from Post-Fit or Imported Netlist ;
;     -- cam_data[6]~input     ; Top       ; Input Buffer  ; IOIBUF_X30_Y0_N1   ; Preserved from Post-Fit or Imported Netlist ;
;                              ;           ;               ;                    ;                                             ;
; cam_data[7]                  ; Top       ; Input Port    ; n/a                ;                                             ;
;     -- cam_data[7]           ; Top       ; Input Pad     ; IOPAD_X30_Y0_N14   ; Preserved from Post-Fit or Imported Netlist ;
;     -- cam_data[7]~input     ; Top       ; Input Buffer  ; IOIBUF_X30_Y0_N15  ; Preserved from Post-Fit or Imported Netlist ;
;                              ;           ;               ;                    ;                                             ;
; cam_href                     ; Top       ; Input Port    ; n/a                ;                                             ;
;     -- cam_href              ; Top       ; Input Pad     ; IOPAD_X21_Y0_N21   ; Preserved from Post-Fit or Imported Netlist ;
;     -- cam_href~input        ; Top       ; Input Buffer  ; IOIBUF_X21_Y0_N22  ; Preserved from Post-Fit or Imported Netlist ;
;                              ;           ;               ;                    ;                                             ;
; cam_pclk                     ; Top       ; Input Port    ; n/a                ;                                             ;
;     -- cam_pclk              ; Top       ; Input Pad     ; IOPAD_X28_Y0_N14   ; Preserved from Post-Fit or Imported Netlist ;
;     -- cam_pclk~input        ; Top       ; Input Buffer  ; IOIBUF_X28_Y0_N15  ; Preserved from Post-Fit or Imported Netlist ;
;                              ;           ;               ;                    ;                                             ;
; cam_pwdn                     ; Top       ; Output Port   ; n/a                ;                                             ;
;     -- cam_pwdn              ; Top       ; Output Pad    ; IOPAD_X23_Y0_N0    ; Preserved from Post-Fit or Imported Netlist ;
;     -- cam_pwdn~output       ; Top       ; Output Buffer ; IOOBUF_X23_Y0_N2   ; Preserved from Post-Fit or Imported Netlist ;
;                              ;           ;               ;                    ;                                             ;
; cam_rst_n                    ; Top       ; Output Port   ; n/a                ;                                             ;
;     -- cam_rst_n             ; Top       ; Output Pad    ; IOPAD_X18_Y0_N0    ; Preserved from Post-Fit or Imported Netlist ;
;     -- cam_rst_n~output      ; Top       ; Output Buffer ; IOOBUF_X18_Y0_N2   ; Preserved from Post-Fit or Imported Netlist ;
;                              ;           ;               ;                    ;                                             ;
; cam_scl                      ; Top       ; Output Port   ; n/a                ;                                             ;
;     -- cam_scl               ; Top       ; Output Pad    ; IOPAD_X21_Y0_N14   ; Preserved from Post-Fit or Imported Netlist ;
;     -- cam_scl~output        ; Top       ; Output Buffer ; IOOBUF_X21_Y0_N16  ; Preserved from Post-Fit or Imported Netlist ;
;                              ;           ;               ;                    ;                                             ;
; cam_sda                      ; Top       ; Bidir Port    ; n/a                ;                                             ;
;     -- cam_sda               ; Top       ; Bidir Pad     ; IOPAD_X25_Y0_N7    ; Preserved from Post-Fit or Imported Netlist ;
;     -- cam_sda~output        ; Top       ; Output Buffer ; IOOBUF_X25_Y0_N9   ; Preserved from Post-Fit or Imported Netlist ;
;                              ;           ;               ;                    ;                                             ;
; cam_vsync                    ; Top       ; Input Port    ; n/a                ;                                             ;
;     -- cam_vsync             ; Top       ; Input Pad     ; IOPAD_X25_Y0_N0    ; Preserved from Post-Fit or Imported Netlist ;
;     -- cam_vsync~input       ; Top       ; Input Buffer  ; IOIBUF_X25_Y0_N1   ; Preserved from Post-Fit or Imported Netlist ;
;                              ;           ;               ;                    ;                                             ;
; k210_xpwm                    ; Top       ; Output Port   ; n/a                ;                                             ;
;     -- k210_xpwm             ; Top       ; Output Pad    ; IOPAD_X16_Y24_N7   ; Preserved from Post-Fit or Imported Netlist ;
;     -- k210_xpwm~output      ; Top       ; Output Buffer ; IOOBUF_X16_Y24_N9  ; Preserved from Post-Fit or Imported Netlist ;
;                              ;           ;               ;                    ;                                             ;
; k210_ypwm                    ; Top       ; Output Port   ; n/a                ;                                             ;
;     -- k210_ypwm             ; Top       ; Output Pad    ; IOPAD_X16_Y24_N14  ; Preserved from Post-Fit or Imported Netlist ;
;     -- k210_ypwm~output      ; Top       ; Output Buffer ; IOOBUF_X16_Y24_N16 ; Preserved from Post-Fit or Imported Netlist ;
;                              ;           ;               ;                    ;                                             ;
; key_i[0]                     ; Top       ; Input Port    ; n/a                ;                                             ;
;     -- key_i[0]              ; Top       ; Input Pad     ; IOPAD_X34_Y12_N21  ; Preserved from Post-Fit or Imported Netlist ;
;     -- key_i[0]~input        ; Top       ; Input Buffer  ; IOIBUF_X34_Y12_N22 ; Preserved from Post-Fit or Imported Netlist ;
;                              ;           ;               ;                    ;                                             ;
; key_i[1]                     ; Top       ; Input Port    ; n/a                ;                                             ;
;     -- key_i[1]              ; Top       ; Input Pad     ; IOPAD_X34_Y12_N14  ; Preserved from Post-Fit or Imported Netlist ;
;     -- key_i[1]~input        ; Top       ; Input Buffer  ; IOIBUF_X34_Y12_N15 ; Preserved from Post-Fit or Imported Netlist ;
;                              ;           ;               ;                    ;                                             ;
; key_i[2]                     ; Top       ; Input Port    ; n/a                ;                                             ;
;     -- key_i[2]              ; Top       ; Input Pad     ; IOPAD_X34_Y12_N0   ; Preserved from Post-Fit or Imported Netlist ;
;     -- key_i[2]~input        ; Top       ; Input Buffer  ; IOIBUF_X34_Y12_N1  ; Preserved from Post-Fit or Imported Netlist ;
;                              ;           ;               ;                    ;                                             ;
; key_i[3]                     ; Top       ; Input Port    ; n/a                ;                                             ;
;     -- key_i[3]              ; Top       ; Input Pad     ; IOPAD_X34_Y12_N7   ; Preserved from Post-Fit or Imported Netlist ;
;     -- key_i[3]~input        ; Top       ; Input Buffer  ; IOIBUF_X34_Y12_N8  ; Preserved from Post-Fit or Imported Netlist ;
;                              ;           ;               ;                    ;                                             ;
; lcd_bl                       ; Top       ; Output Port   ; n/a                ;                                             ;
;     -- lcd_bl                ; Top       ; Output Pad    ; IOPAD_X0_Y5_N21    ; Preserved from Post-Fit or Imported Netlist ;
;     -- lcd_bl~output         ; Top       ; Output Buffer ; IOOBUF_X0_Y5_N23   ; Preserved from Post-Fit or Imported Netlist ;
;                              ;           ;               ;                    ;                                             ;
; lcd_de                       ; Top       ; Output Port   ; n/a                ;                                             ;
;     -- lcd_de                ; Top       ; Output Pad    ; IOPAD_X3_Y0_N0     ; Preserved from Post-Fit or Imported Netlist ;
;     -- lcd_de~output         ; Top       ; Output Buffer ; IOOBUF_X3_Y0_N2    ; Preserved from Post-Fit or Imported Netlist ;
;                              ;           ;               ;                    ;                                             ;
; lcd_hs                       ; Top       ; Output Port   ; n/a                ;                                             ;
;     -- lcd_hs                ; Top       ; Output Pad    ; IOPAD_X1_Y0_N0     ; Preserved from Post-Fit or Imported Netlist ;
;     -- lcd_hs~output         ; Top       ; Output Buffer ; IOOBUF_X1_Y0_N2    ; Preserved from Post-Fit or Imported Netlist ;
;                              ;           ;               ;                    ;                                             ;
; lcd_pclk                     ; Top       ; Output Port   ; n/a                ;                                             ;
;     -- lcd_pclk              ; Top       ; Output Pad    ; IOPAD_X1_Y0_N7     ; Preserved from Post-Fit or Imported Netlist ;
;     -- lcd_pclk~output       ; Top       ; Output Buffer ; IOOBUF_X1_Y0_N9    ; Preserved from Post-Fit or Imported Netlist ;
;                              ;           ;               ;                    ;                                             ;
; lcd_rgb[0]                   ; Top       ; Bidir Port    ; n/a                ;                                             ;
;     -- lcd_rgb[0]            ; Top       ; Bidir Pad     ; IOPAD_X11_Y0_N14   ; Preserved from Post-Fit or Imported Netlist ;
;     -- lcd_rgb[0]~output     ; Top       ; Output Buffer ; IOOBUF_X11_Y0_N16  ; Preserved from Post-Fit or Imported Netlist ;
;                              ;           ;               ;                    ;                                             ;
; lcd_rgb[10]                  ; Top       ; Bidir Port    ; n/a                ;                                             ;
;     -- lcd_rgb[10]           ; Top       ; Bidir Pad     ; IOPAD_X11_Y0_N21   ; Preserved from Post-Fit or Imported Netlist ;
;     -- lcd_rgb[10]~output    ; Top       ; Output Buffer ; IOOBUF_X11_Y0_N23  ; Preserved from Post-Fit or Imported Netlist ;
;                              ;           ;               ;                    ;                                             ;
; lcd_rgb[11]                  ; Top       ; Bidir Port    ; n/a                ;                                             ;
;     -- lcd_rgb[11]           ; Top       ; Bidir Pad     ; IOPAD_X23_Y0_N14   ; Preserved from Post-Fit or Imported Netlist ;
;     -- lcd_rgb[11]~output    ; Top       ; Output Buffer ; IOOBUF_X23_Y0_N16  ; Preserved from Post-Fit or Imported Netlist ;
;                              ;           ;               ;                    ;                                             ;
; lcd_rgb[12]                  ; Top       ; Bidir Port    ; n/a                ;                                             ;
;     -- lcd_rgb[12]           ; Top       ; Bidir Pad     ; IOPAD_X23_Y0_N7    ; Preserved from Post-Fit or Imported Netlist ;
;     -- lcd_rgb[12]~output    ; Top       ; Output Buffer ; IOOBUF_X23_Y0_N9   ; Preserved from Post-Fit or Imported Netlist ;
;                              ;           ;               ;                    ;                                             ;
; lcd_rgb[13]                  ; Top       ; Bidir Port    ; n/a                ;                                             ;
;     -- lcd_rgb[13]           ; Top       ; Bidir Pad     ; IOPAD_X21_Y0_N7    ; Preserved from Post-Fit or Imported Netlist ;
;     -- lcd_rgb[13]~output    ; Top       ; Output Buffer ; IOOBUF_X21_Y0_N9   ; Preserved from Post-Fit or Imported Netlist ;
;                              ;           ;               ;                    ;                                             ;
; lcd_rgb[14]                  ; Top       ; Bidir Port    ; n/a                ;                                             ;
;     -- lcd_rgb[14]           ; Top       ; Bidir Pad     ; IOPAD_X21_Y0_N0    ; Preserved from Post-Fit or Imported Netlist ;
;     -- lcd_rgb[14]~output    ; Top       ; Output Buffer ; IOOBUF_X21_Y0_N2   ; Preserved from Post-Fit or Imported Netlist ;
;                              ;           ;               ;                    ;                                             ;
; lcd_rgb[15]                  ; Top       ; Bidir Port    ; n/a                ;                                             ;
;     -- lcd_rgb[15]           ; Top       ; Bidir Pad     ; IOPAD_X18_Y0_N21   ; Preserved from Post-Fit or Imported Netlist ;
;     -- lcd_rgb[15]~output    ; Top       ; Output Buffer ; IOOBUF_X18_Y0_N23  ; Preserved from Post-Fit or Imported Netlist ;
;                              ;           ;               ;                    ;                                             ;
; lcd_rgb[1]                   ; Top       ; Bidir Port    ; n/a                ;                                             ;
;     -- lcd_rgb[1]            ; Top       ; Bidir Pad     ; IOPAD_X9_Y0_N7     ; Preserved from Post-Fit or Imported Netlist ;
;     -- lcd_rgb[1]~output     ; Top       ; Output Buffer ; IOOBUF_X9_Y0_N9    ; Preserved from Post-Fit or Imported Netlist ;
;                              ;           ;               ;                    ;                                             ;
; lcd_rgb[2]                   ; Top       ; Bidir Port    ; n/a                ;                                             ;
;     -- lcd_rgb[2]            ; Top       ; Bidir Pad     ; IOPAD_X9_Y0_N0     ; Preserved from Post-Fit or Imported Netlist ;
;     -- lcd_rgb[2]~output     ; Top       ; Output Buffer ; IOOBUF_X9_Y0_N2    ; Preserved from Post-Fit or Imported Netlist ;
;                              ;           ;               ;                    ;                                             ;
; lcd_rgb[3]                   ; Top       ; Bidir Port    ; n/a                ;                                             ;
;     -- lcd_rgb[3]            ; Top       ; Bidir Pad     ; IOPAD_X5_Y0_N21    ; Preserved from Post-Fit or Imported Netlist ;
;     -- lcd_rgb[3]~output     ; Top       ; Output Buffer ; IOOBUF_X5_Y0_N23   ; Preserved from Post-Fit or Imported Netlist ;
;                              ;           ;               ;                    ;                                             ;
; lcd_rgb[4]                   ; Top       ; Bidir Port    ; n/a                ;                                             ;
;     -- lcd_rgb[4]            ; Top       ; Bidir Pad     ; IOPAD_X5_Y0_N14    ; Preserved from Post-Fit or Imported Netlist ;
;     -- lcd_rgb[4]~output     ; Top       ; Output Buffer ; IOOBUF_X5_Y0_N16   ; Preserved from Post-Fit or Imported Netlist ;
;                              ;           ;               ;                    ;                                             ;
; lcd_rgb[5]                   ; Top       ; Bidir Port    ; n/a                ;                                             ;
;     -- lcd_rgb[5]            ; Top       ; Bidir Pad     ; IOPAD_X18_Y0_N14   ; Preserved from Post-Fit or Imported Netlist ;
;     -- lcd_rgb[5]~output     ; Top       ; Output Buffer ; IOOBUF_X18_Y0_N16  ; Preserved from Post-Fit or Imported Netlist ;
;                              ;           ;               ;                    ;                                             ;
; lcd_rgb[6]                   ; Top       ; Bidir Port    ; n/a                ;                                             ;
;     -- lcd_rgb[6]            ; Top       ; Bidir Pad     ; IOPAD_X16_Y0_N7    ; Preserved from Post-Fit or Imported Netlist ;
;     -- lcd_rgb[6]~output     ; Top       ; Output Buffer ; IOOBUF_X16_Y0_N9   ; Preserved from Post-Fit or Imported Netlist ;
;                              ;           ;               ;                    ;                                             ;
; lcd_rgb[7]                   ; Top       ; Bidir Port    ; n/a                ;                                             ;
;     -- lcd_rgb[7]            ; Top       ; Bidir Pad     ; IOPAD_X16_Y0_N0    ; Preserved from Post-Fit or Imported Netlist ;
;     -- lcd_rgb[7]~output     ; Top       ; Output Buffer ; IOOBUF_X16_Y0_N2   ; Preserved from Post-Fit or Imported Netlist ;
;                              ;           ;               ;                    ;                                             ;
; lcd_rgb[8]                   ; Top       ; Bidir Port    ; n/a                ;                                             ;
;     -- lcd_rgb[8]            ; Top       ; Bidir Pad     ; IOPAD_X11_Y0_N0    ; Preserved from Post-Fit or Imported Netlist ;
;     -- lcd_rgb[8]~output     ; Top       ; Output Buffer ; IOOBUF_X11_Y0_N2   ; Preserved from Post-Fit or Imported Netlist ;
;                              ;           ;               ;                    ;                                             ;
; lcd_rgb[9]                   ; Top       ; Bidir Port    ; n/a                ;                                             ;
;     -- lcd_rgb[9]            ; Top       ; Bidir Pad     ; IOPAD_X13_Y0_N21   ; Preserved from Post-Fit or Imported Netlist ;
;     -- lcd_rgb[9]~output     ; Top       ; Output Buffer ; IOOBUF_X13_Y0_N23  ; Preserved from Post-Fit or Imported Netlist ;
;                              ;           ;               ;                    ;                                             ;
; lcd_rst                      ; Top       ; Output Port   ; n/a                ;                                             ;
;     -- lcd_rst               ; Top       ; Output Pad    ; IOPAD_X0_Y8_N21    ; Preserved from Post-Fit or Imported Netlist ;
;     -- lcd_rst~output        ; Top       ; Output Buffer ; IOOBUF_X0_Y8_N23   ; Preserved from Post-Fit or Imported Netlist ;
;                              ;           ;               ;                    ;                                             ;
; lcd_vs                       ; Top       ; Output Port   ; n/a                ;                                             ;
;     -- lcd_vs                ; Top       ; Output Pad    ; IOPAD_X1_Y0_N14    ; Preserved from Post-Fit or Imported Netlist ;
;     -- lcd_vs~output         ; Top       ; Output Buffer ; IOOBUF_X1_Y0_N16   ; Preserved from Post-Fit or Imported Netlist ;
;                              ;           ;               ;                    ;                                             ;
; rx                           ; Top       ; Input Port    ; n/a                ;                                             ;
;     -- rx                    ; Top       ; Input Pad     ; IOPAD_X7_Y0_N21    ; Preserved from Post-Fit or Imported Netlist ;
;     -- rx~input              ; Top       ; Input Buffer  ; IOIBUF_X7_Y0_N22   ; Preserved from Post-Fit or Imported Netlist ;
;                              ;           ;               ;                    ;                                             ;
; sdram_addr[0]                ; Top       ; Output Port   ; n/a                ;                                             ;
;     -- sdram_addr[0]         ; Top       ; Output Pad    ; IOPAD_X23_Y24_N21  ; Preserved from Post-Fit or Imported Netlist ;
;     -- sdram_addr[0]~output  ; Top       ; Output Buffer ; IOOBUF_X23_Y24_N23 ; Preserved from Post-Fit or Imported Netlist ;
;                              ;           ;               ;                    ;                                             ;
; sdram_addr[10]               ; Top       ; Output Port   ; n/a                ;                                             ;
;     -- sdram_addr[10]        ; Top       ; Output Pad    ; IOPAD_X34_Y19_N14  ; Preserved from Post-Fit or Imported Netlist ;
;     -- sdram_addr[10]~output ; Top       ; Output Buffer ; IOOBUF_X34_Y19_N16 ; Preserved from Post-Fit or Imported Netlist ;
;                              ;           ;               ;                    ;                                             ;
; sdram_addr[11]               ; Top       ; Output Port   ; n/a                ;                                             ;
;     -- sdram_addr[11]        ; Top       ; Output Pad    ; IOPAD_X34_Y19_N7   ; Preserved from Post-Fit or Imported Netlist ;
;     -- sdram_addr[11]~output ; Top       ; Output Buffer ; IOOBUF_X34_Y19_N9  ; Preserved from Post-Fit or Imported Netlist ;
;                              ;           ;               ;                    ;                                             ;
; sdram_addr[12]               ; Top       ; Output Port   ; n/a                ;                                             ;
;     -- sdram_addr[12]        ; Top       ; Output Pad    ; IOPAD_X34_Y18_N14  ; Preserved from Post-Fit or Imported Netlist ;
;     -- sdram_addr[12]~output ; Top       ; Output Buffer ; IOOBUF_X34_Y18_N16 ; Preserved from Post-Fit or Imported Netlist ;
;                              ;           ;               ;                    ;                                             ;
; sdram_addr[1]                ; Top       ; Output Port   ; n/a                ;                                             ;
;     -- sdram_addr[1]         ; Top       ; Output Pad    ; IOPAD_X28_Y24_N14  ; Preserved from Post-Fit or Imported Netlist ;
;     -- sdram_addr[1]~output  ; Top       ; Output Buffer ; IOOBUF_X28_Y24_N16 ; Preserved from Post-Fit or Imported Netlist ;
;                              ;           ;               ;                    ;                                             ;
; sdram_addr[2]                ; Top       ; Output Port   ; n/a                ;                                             ;
;     -- sdram_addr[2]         ; Top       ; Output Pad    ; IOPAD_X32_Y24_N14  ; Preserved from Post-Fit or Imported Netlist ;
;     -- sdram_addr[2]~output  ; Top       ; Output Buffer ; IOOBUF_X32_Y24_N16 ; Preserved from Post-Fit or Imported Netlist ;
;                              ;           ;               ;                    ;                                             ;
; sdram_addr[3]                ; Top       ; Output Port   ; n/a                ;                                             ;
;     -- sdram_addr[3]         ; Top       ; Output Pad    ; IOPAD_X32_Y24_N7   ; Preserved from Post-Fit or Imported Netlist ;
;     -- sdram_addr[3]~output  ; Top       ; Output Buffer ; IOOBUF_X32_Y24_N9  ; Preserved from Post-Fit or Imported Netlist ;
;                              ;           ;               ;                    ;                                             ;
; sdram_addr[4]                ; Top       ; Output Port   ; n/a                ;                                             ;
;     -- sdram_addr[4]         ; Top       ; Output Pad    ; IOPAD_X28_Y24_N0   ; Preserved from Post-Fit or Imported Netlist ;
;     -- sdram_addr[4]~output  ; Top       ; Output Buffer ; IOOBUF_X28_Y24_N2  ; Preserved from Post-Fit or Imported Netlist ;
;                              ;           ;               ;                    ;                                             ;
; sdram_addr[5]                ; Top       ; Output Port   ; n/a                ;                                             ;
;     -- sdram_addr[5]         ; Top       ; Output Pad    ; IOPAD_X21_Y24_N0   ; Preserved from Post-Fit or Imported Netlist ;
;     -- sdram_addr[5]~output  ; Top       ; Output Buffer ; IOOBUF_X21_Y24_N2  ; Preserved from Post-Fit or Imported Netlist ;
;                              ;           ;               ;                    ;                                             ;
; sdram_addr[6]                ; Top       ; Output Port   ; n/a                ;                                             ;
;     -- sdram_addr[6]         ; Top       ; Output Pad    ; IOPAD_X34_Y18_N0   ; Preserved from Post-Fit or Imported Netlist ;
;     -- sdram_addr[6]~output  ; Top       ; Output Buffer ; IOOBUF_X34_Y18_N2  ; Preserved from Post-Fit or Imported Netlist ;
;                              ;           ;               ;                    ;                                             ;
; sdram_addr[7]                ; Top       ; Output Port   ; n/a                ;                                             ;
;     -- sdram_addr[7]         ; Top       ; Output Pad    ; IOPAD_X34_Y20_N0   ; Preserved from Post-Fit or Imported Netlist ;
;     -- sdram_addr[7]~output  ; Top       ; Output Buffer ; IOOBUF_X34_Y20_N2  ; Preserved from Post-Fit or Imported Netlist ;
;                              ;           ;               ;                    ;                                             ;
; sdram_addr[8]                ; Top       ; Output Port   ; n/a                ;                                             ;
;     -- sdram_addr[8]         ; Top       ; Output Pad    ; IOPAD_X34_Y20_N7   ; Preserved from Post-Fit or Imported Netlist ;
;     -- sdram_addr[8]~output  ; Top       ; Output Buffer ; IOOBUF_X34_Y20_N9  ; Preserved from Post-Fit or Imported Netlist ;
;                              ;           ;               ;                    ;                                             ;
; sdram_addr[9]                ; Top       ; Output Port   ; n/a                ;                                             ;
;     -- sdram_addr[9]         ; Top       ; Output Pad    ; IOPAD_X34_Y19_N0   ; Preserved from Post-Fit or Imported Netlist ;
;     -- sdram_addr[9]~output  ; Top       ; Output Buffer ; IOOBUF_X34_Y19_N2  ; Preserved from Post-Fit or Imported Netlist ;
;                              ;           ;               ;                    ;                                             ;
; sdram_ba[0]                  ; Top       ; Output Port   ; n/a                ;                                             ;
;     -- sdram_ba[0]           ; Top       ; Output Pad    ; IOPAD_X34_Y20_N14  ; Preserved from Post-Fit or Imported Netlist ;
;     -- sdram_ba[0]~output    ; Top       ; Output Buffer ; IOOBUF_X34_Y20_N16 ; Preserved from Post-Fit or Imported Netlist ;
;                              ;           ;               ;                    ;                                             ;
; sdram_ba[1]                  ; Top       ; Output Port   ; n/a                ;                                             ;
;     -- sdram_ba[1]           ; Top       ; Output Pad    ; IOPAD_X34_Y17_N0   ; Preserved from Post-Fit or Imported Netlist ;
;     -- sdram_ba[1]~output    ; Top       ; Output Buffer ; IOOBUF_X34_Y17_N2  ; Preserved from Post-Fit or Imported Netlist ;
;                              ;           ;               ;                    ;                                             ;
; sdram_cas_n                  ; Top       ; Output Port   ; n/a                ;                                             ;
;     -- sdram_cas_n           ; Top       ; Output Pad    ; IOPAD_X34_Y11_N7   ; Preserved from Post-Fit or Imported Netlist ;
;     -- sdram_cas_n~output    ; Top       ; Output Buffer ; IOOBUF_X34_Y11_N9  ; Preserved from Post-Fit or Imported Netlist ;
;                              ;           ;               ;                    ;                                             ;
; sdram_cke                    ; Top       ; Output Port   ; n/a                ;                                             ;
;     -- sdram_cke             ; Top       ; Output Pad    ; IOPAD_X34_Y18_N21  ; Preserved from Post-Fit or Imported Netlist ;
;     -- sdram_cke~output      ; Top       ; Output Buffer ; IOOBUF_X34_Y18_N23 ; Preserved from Post-Fit or Imported Netlist ;
;                              ;           ;               ;                    ;                                             ;
; sdram_clk                    ; Top       ; Output Port   ; n/a                ;                                             ;
;     -- sdram_clk             ; Top       ; Output Pad    ; IOPAD_X28_Y24_N7   ; Preserved from Post-Fit or Imported Netlist ;
;     -- sdram_clk~output      ; Top       ; Output Buffer ; IOOBUF_X28_Y24_N9  ; Preserved from Post-Fit or Imported Netlist ;
;                              ;           ;               ;                    ;                                             ;
; sdram_cs_n                   ; Top       ; Output Port   ; n/a                ;                                             ;
;     -- sdram_cs_n            ; Top       ; Output Pad    ; IOPAD_X25_Y0_N14   ; Preserved from Post-Fit or Imported Netlist ;
;     -- sdram_cs_n~output     ; Top       ; Output Buffer ; IOOBUF_X25_Y0_N16  ; Preserved from Post-Fit or Imported Netlist ;
;                              ;           ;               ;                    ;                                             ;
; sdram_data[0]                ; Top       ; Bidir Port    ; n/a                ;                                             ;
;     -- sdram_data[0]         ; Top       ; Bidir Pad     ; IOPAD_X32_Y0_N21   ; Preserved from Post-Fit or Imported Netlist ;
;     -- sdram_data[0]~output  ; Top       ; Output Buffer ; IOOBUF_X32_Y0_N23  ; Preserved from Post-Fit or Imported Netlist ;
;                              ;           ;               ;                    ;                                             ;
; sdram_data[10]               ; Top       ; Bidir Port    ; n/a                ;                                             ;
;     -- sdram_data[10]        ; Top       ; Bidir Pad     ; IOPAD_X34_Y9_N0    ; Preserved from Post-Fit or Imported Netlist ;
;     -- sdram_data[10]~output ; Top       ; Output Buffer ; IOOBUF_X34_Y9_N2   ; Preserved from Post-Fit or Imported Netlist ;
;                              ;           ;               ;                    ;                                             ;
; sdram_data[11]               ; Top       ; Bidir Port    ; n/a                ;                                             ;
;     -- sdram_data[11]        ; Top       ; Bidir Pad     ; IOPAD_X34_Y10_N7   ; Preserved from Post-Fit or Imported Netlist ;
;     -- sdram_data[11]~output ; Top       ; Output Buffer ; IOOBUF_X34_Y10_N9  ; Preserved from Post-Fit or Imported Netlist ;
;                              ;           ;               ;                    ;                                             ;
; sdram_data[12]               ; Top       ; Bidir Port    ; n/a                ;                                             ;
;     -- sdram_data[12]        ; Top       ; Bidir Pad     ; IOPAD_X34_Y9_N14   ; Preserved from Post-Fit or Imported Netlist ;
;     -- sdram_data[12]~output ; Top       ; Output Buffer ; IOOBUF_X34_Y9_N16  ; Preserved from Post-Fit or Imported Netlist ;
;                              ;           ;               ;                    ;                                             ;
; sdram_data[13]               ; Top       ; Bidir Port    ; n/a                ;                                             ;
;     -- sdram_data[13]        ; Top       ; Bidir Pad     ; IOPAD_X34_Y9_N7    ; Preserved from Post-Fit or Imported Netlist ;
;     -- sdram_data[13]~output ; Top       ; Output Buffer ; IOOBUF_X34_Y9_N9   ; Preserved from Post-Fit or Imported Netlist ;
;                              ;           ;               ;                    ;                                             ;
; sdram_data[14]               ; Top       ; Bidir Port    ; n/a                ;                                             ;
;     -- sdram_data[14]        ; Top       ; Bidir Pad     ; IOPAD_X34_Y8_N14   ; Preserved from Post-Fit or Imported Netlist ;
;     -- sdram_data[14]~output ; Top       ; Output Buffer ; IOOBUF_X34_Y8_N16  ; Preserved from Post-Fit or Imported Netlist ;
;                              ;           ;               ;                    ;                                             ;
; sdram_data[15]               ; Top       ; Bidir Port    ; n/a                ;                                             ;
;     -- sdram_data[15]        ; Top       ; Bidir Pad     ; IOPAD_X34_Y8_N7    ; Preserved from Post-Fit or Imported Netlist ;
;     -- sdram_data[15]~output ; Top       ; Output Buffer ; IOOBUF_X34_Y8_N9   ; Preserved from Post-Fit or Imported Netlist ;
;                              ;           ;               ;                    ;                                             ;
; sdram_data[1]                ; Top       ; Bidir Port    ; n/a                ;                                             ;
;     -- sdram_data[1]         ; Top       ; Bidir Pad     ; IOPAD_X34_Y2_N14   ; Preserved from Post-Fit or Imported Netlist ;
;     -- sdram_data[1]~output  ; Top       ; Output Buffer ; IOOBUF_X34_Y2_N16  ; Preserved from Post-Fit or Imported Netlist ;
;                              ;           ;               ;                    ;                                             ;
; sdram_data[2]                ; Top       ; Bidir Port    ; n/a                ;                                             ;
;     -- sdram_data[2]         ; Top       ; Bidir Pad     ; IOPAD_X34_Y4_N21   ; Preserved from Post-Fit or Imported Netlist ;
;     -- sdram_data[2]~output  ; Top       ; Output Buffer ; IOOBUF_X34_Y4_N23  ; Preserved from Post-Fit or Imported Netlist ;
;                              ;           ;               ;                    ;                                             ;
; sdram_data[3]                ; Top       ; Bidir Port    ; n/a                ;                                             ;
;     -- sdram_data[3]         ; Top       ; Bidir Pad     ; IOPAD_X34_Y3_N21   ; Preserved from Post-Fit or Imported Netlist ;
;     -- sdram_data[3]~output  ; Top       ; Output Buffer ; IOOBUF_X34_Y3_N23  ; Preserved from Post-Fit or Imported Netlist ;
;                              ;           ;               ;                    ;                                             ;
; sdram_data[4]                ; Top       ; Bidir Port    ; n/a                ;                                             ;
;     -- sdram_data[4]         ; Top       ; Bidir Pad     ; IOPAD_X34_Y8_N21   ; Preserved from Post-Fit or Imported Netlist ;
;     -- sdram_data[4]~output  ; Top       ; Output Buffer ; IOOBUF_X34_Y8_N23  ; Preserved from Post-Fit or Imported Netlist ;
;                              ;           ;               ;                    ;                                             ;
; sdram_data[5]                ; Top       ; Bidir Port    ; n/a                ;                                             ;
;     -- sdram_data[5]         ; Top       ; Bidir Pad     ; IOPAD_X34_Y7_N7    ; Preserved from Post-Fit or Imported Netlist ;
;     -- sdram_data[5]~output  ; Top       ; Output Buffer ; IOOBUF_X34_Y7_N9   ; Preserved from Post-Fit or Imported Netlist ;
;                              ;           ;               ;                    ;                                             ;
; sdram_data[6]                ; Top       ; Bidir Port    ; n/a                ;                                             ;
;     -- sdram_data[6]         ; Top       ; Bidir Pad     ; IOPAD_X32_Y0_N14   ; Preserved from Post-Fit or Imported Netlist ;
;     -- sdram_data[6]~output  ; Top       ; Output Buffer ; IOOBUF_X32_Y0_N16  ; Preserved from Post-Fit or Imported Netlist ;
;                              ;           ;               ;                    ;                                             ;
; sdram_data[7]                ; Top       ; Bidir Port    ; n/a                ;                                             ;
;     -- sdram_data[7]         ; Top       ; Bidir Pad     ; IOPAD_X34_Y3_N14   ; Preserved from Post-Fit or Imported Netlist ;
;     -- sdram_data[7]~output  ; Top       ; Output Buffer ; IOOBUF_X34_Y3_N16  ; Preserved from Post-Fit or Imported Netlist ;
;                              ;           ;               ;                    ;                                             ;
; sdram_data[8]                ; Top       ; Bidir Port    ; n/a                ;                                             ;
;     -- sdram_data[8]         ; Top       ; Bidir Pad     ; IOPAD_X34_Y17_N21  ; Preserved from Post-Fit or Imported Netlist ;
;     -- sdram_data[8]~output  ; Top       ; Output Buffer ; IOOBUF_X34_Y17_N23 ; Preserved from Post-Fit or Imported Netlist ;
;                              ;           ;               ;                    ;                                             ;
; sdram_data[9]                ; Top       ; Bidir Port    ; n/a                ;                                             ;
;     -- sdram_data[9]         ; Top       ; Bidir Pad     ; IOPAD_X34_Y9_N21   ; Preserved from Post-Fit or Imported Netlist ;
;     -- sdram_data[9]~output  ; Top       ; Output Buffer ; IOOBUF_X34_Y9_N23  ; Preserved from Post-Fit or Imported Netlist ;
;                              ;           ;               ;                    ;                                             ;
; sdram_dqm[0]                 ; Top       ; Output Port   ; n/a                ;                                             ;
;     -- sdram_dqm[0]          ; Top       ; Output Pad    ; IOPAD_X34_Y10_N0   ; Preserved from Post-Fit or Imported Netlist ;
;     -- sdram_dqm[0]~output   ; Top       ; Output Buffer ; IOOBUF_X34_Y10_N2  ; Preserved from Post-Fit or Imported Netlist ;
;                              ;           ;               ;                    ;                                             ;
; sdram_dqm[1]                 ; Top       ; Output Port   ; n/a                ;                                             ;
;     -- sdram_dqm[1]          ; Top       ; Output Pad    ; IOPAD_X34_Y17_N14  ; Preserved from Post-Fit or Imported Netlist ;
;     -- sdram_dqm[1]~output   ; Top       ; Output Buffer ; IOOBUF_X34_Y17_N16 ; Preserved from Post-Fit or Imported Netlist ;
;                              ;           ;               ;                    ;                                             ;
; sdram_ras_n                  ; Top       ; Output Port   ; n/a                ;                                             ;
;     -- sdram_ras_n           ; Top       ; Output Pad    ; IOPAD_X34_Y6_N14   ; Preserved from Post-Fit or Imported Netlist ;
;     -- sdram_ras_n~output    ; Top       ; Output Buffer ; IOOBUF_X34_Y6_N16  ; Preserved from Post-Fit or Imported Netlist ;
;                              ;           ;               ;                    ;                                             ;
; sdram_we_n                   ; Top       ; Output Port   ; n/a                ;                                             ;
;     -- sdram_we_n            ; Top       ; Output Pad    ; IOPAD_X34_Y11_N0   ; Preserved from Post-Fit or Imported Netlist ;
;     -- sdram_we_n~output     ; Top       ; Output Buffer ; IOOBUF_X34_Y11_N2  ; Preserved from Post-Fit or Imported Netlist ;
;                              ;           ;               ;                    ;                                             ;
; sys_clk                      ; Top       ; Input Port    ; n/a                ;                                             ;
;     -- sys_clk               ; Top       ; Input Pad     ; IOPAD_X0_Y11_N14   ; Preserved from Post-Fit or Imported Netlist ;
;     -- sys_clk~input         ; Top       ; Input Buffer  ; IOIBUF_X0_Y11_N15  ; Preserved from Post-Fit or Imported Netlist ;
;                              ;           ;               ;                    ;                                             ;
; sys_rst_n                    ; Top       ; Input Port    ; n/a                ;                                             ;
;     -- sys_rst_n             ; Top       ; Input Pad     ; IOPAD_X0_Y11_N21   ; Preserved from Post-Fit or Imported Netlist ;
;     -- sys_rst_n~input       ; Top       ; Input Buffer  ; IOIBUF_X0_Y11_N22  ; Preserved from Post-Fit or Imported Netlist ;
;                              ;           ;               ;                    ;                                             ;
; tx                           ; Top       ; Output Port   ; n/a                ;                                             ;
;     -- tx                    ; Top       ; Output Pad    ; IOPAD_X9_Y0_N21    ; Preserved from Post-Fit or Imported Netlist ;
;     -- tx~output             ; Top       ; Output Buffer ; IOOBUF_X9_Y0_N23   ; Preserved from Post-Fit or Imported Netlist ;
;                              ;           ;               ;                    ;                                             ;
; x_pwm                        ; Top       ; Output Port   ; n/a                ;                                             ;
;     -- x_pwm                 ; Top       ; Output Pad    ; IOPAD_X32_Y0_N0    ; Preserved from Post-Fit or Imported Netlist ;
;     -- x_pwm~output          ; Top       ; Output Buffer ; IOOBUF_X32_Y0_N2   ; Preserved from Post-Fit or Imported Netlist ;
;                              ;           ;               ;                    ;                                             ;
; y_pwm                        ; Top       ; Output Port   ; n/a                ;                                             ;
;     -- y_pwm                 ; Top       ; Output Pad    ; IOPAD_X34_Y2_N21   ; Preserved from Post-Fit or Imported Netlist ;
;     -- y_pwm~output          ; Top       ; Output Buffer ; IOOBUF_X34_Y2_N23  ; Preserved from Post-Fit or Imported Netlist ;
;                              ;           ;               ;                    ;                                             ;
+------------------------------+-----------+---------------+--------------------+---------------------------------------------+


+-----------------------------------------------------------------------+
; Partition Merge Resource Usage Summary                                ;
+---------------------------------------------+-------------------------+
; Resource                                    ; Usage                   ;
+---------------------------------------------+-------------------------+
; Estimated Total logic elements              ; 3,258 / 10,320 ( 31 % ) ;
;                                             ;                         ;
; Total combinational functions               ; 2790                    ;
; Logic element usage by number of LUT inputs ;                         ;
;     -- 4 input functions                    ; 1106                    ;
;     -- 3 input functions                    ; 1001                    ;
;     -- <=2 input functions                  ; 683                     ;
;                                             ;                         ;
; Logic elements by mode                      ;                         ;
;     -- normal mode                          ; 1771                    ;
;     -- arithmetic mode                      ; 1019                    ;
;                                             ;                         ;
; Total registers                             ; 1339                    ;
;     -- Dedicated logic registers            ; 1339                    ;
;     -- I/O registers                        ; 0                       ;
;                                             ;                         ;
; I/O pins                                    ; 90                      ;
; Total memory bits                           ; 35960                   ;
; Embedded Multiplier 9-bit elements          ; 0                       ;
; Total PLLs                                  ; 1                       ;
;     -- PLLs                                 ; 1                       ;
;                                             ;                         ;
; Maximum fan-out node                        ; rst_n~0clkctrl          ;
; Maximum fan-out                             ; 1234                    ;
; Total fan-out                               ; 14149                   ;
; Average fan-out                             ; 3.14                    ;
+---------------------------------------------+-------------------------+


+---------------------------------------------------------------------------------------------------------------------------------------------------------------------------------------------------------------------------------------------------------------------------------------------------------------------------------------+
; Partition Merge RAM Summary                                                                                                                                                                                                                                                                                                           ;
+----------------------------------------------------------------------------------------------------------------------------------------------------------------------------------------------------------------------------------+------+------------------+--------------+--------------+--------------+--------------+-------+------+
; Name                                                                                                                                                                                                                             ; Type ; Mode             ; Port A Depth ; Port A Width ; Port B Depth ; Port B Width ; Size  ; MIF  ;
+----------------------------------------------------------------------------------------------------------------------------------------------------------------------------------------------------------------------------------+------+------------------+--------------+--------------+--------------+--------------+-------+------+
; image_top:image_top_inst|dialate_disp:dialate_disp_inst|matrix_3x3_16bit:matrix_3x3_16bit_inst|shift_ip:shift_ip_inst|altshift_taps:ALTSHIFT_TAPS_component|shift_taps_ksv:auto_generated|altsyncram_3ka1:altsyncram2|ALTSYNCRAM ; M9K  ; Simple Dual Port ; 798          ; 32           ; 798          ; 32           ; 25536 ; None ;
; image_top:image_top_inst|erode_disp:erode_disp_inst|matrix_3x3_16bit:matrix_3x3_16bit_inst|shift_ip:shift_ip_inst|altshift_taps:ALTSHIFT_TAPS_component|shift_taps_ksv:auto_generated|altsyncram_3ka1:altsyncram2|ALTSYNCRAM     ; M9K  ; Simple Dual Port ; 798          ; 32           ; 798          ; 32           ; 25536 ; None ;
; sdram_top:sdram_top_inst|sdram_fifo_ctrl:u_sdram_fifo_ctrl|rdfifo:u_rdfifo|dcfifo:dcfifo_component|dcfifo_aol1:auto_generated|altsyncram_em31:fifo_ram|ALTSYNCRAM                                                                ; AUTO ; Simple Dual Port ; 1024         ; 16           ; 1024         ; 16           ; 16384 ; None ;
; sdram_top:sdram_top_inst|sdram_fifo_ctrl:u_sdram_fifo_ctrl|wrfifo:u_wrfifo|dcfifo:dcfifo_component|dcfifo_nnl1:auto_generated|altsyncram_em31:fifo_ram|ALTSYNCRAM                                                                ; AUTO ; Simple Dual Port ; 1024         ; 16           ; 1024         ; 16           ; 16384 ; None ;
+----------------------------------------------------------------------------------------------------------------------------------------------------------------------------------------------------------------------------------+------+------------------+--------------+--------------+--------------+--------------+-------+------+


+--------------------------+
; Partition Merge Messages ;
+--------------------------+
Info: *******************************************************************
Info: Running Quartus II 64-Bit Partition Merge
    Info: Version 13.1.0 Build 162 10/23/2013 SJ Full Version
    Info: Processing started: Sat Feb 03 15:57:52 2024
Info: Command: quartus_cdb --read_settings_files=off --write_settings_files=off cmos_lcd -c cmos_lcd --merge=on
Info (35006): Using previously generated Fitter netlist for partition "Top"
Info (35002): Resolved and merged 1 partition(s)
Info (16010): Generating hard_block partition "hard_block:auto_generated_inst"
    Info (16011): Adding 1 node(s), including 0 DDIO, 1 PLL, 0 transceiver and 0 LCELL
Warning (15899): PLL "pll:pll_inst|altpll:altpll_component|pll_altpll:auto_generated|pll1" has parameters clk3_multiply_by and clk3_divide_by specified but port CLK[3] is not connected
Warning (21074): Design contains 1 input pin(s) that do not drive logic
    Warning (15610): No output dependent on input pin "rx"
Info (21057): Implemented 3396 device resources after synthesis - the final resource count might be different
    Info (21058): Implemented 19 input pins
    Info (21059): Implemented 38 output pins
    Info (21060): Implemented 33 bidirectional pins
    Info (21061): Implemented 3294 logic cells
    Info (21064): Implemented 6 RAM segments
    Info (21065): Implemented 1 PLLs
Info: Quartus II 64-Bit Partition Merge was successful. 0 errors, 3 warnings
    Info: Peak virtual memory: 4666 megabytes
    Info: Processing ended: Sat Feb 03 15:57:53 2024
    Info: Elapsed time: 00:00:01
    Info: Total CPU time (on all processors): 00:00:01


